{"body":{"orderId":4,"productId":2,"userId":1},"level":"info","message":"API Inputs"}
{"level":"info","message":"API Path","path":"/category/all"}
{"body":{"orderId":4,"productId":2,"userId":1},"level":"info","message":"API Inputs"}
{"level":"info","message":"API Path","path":"/category/all"}
{"body":{"orderId":4,"productId":2,"userId":1},"level":"info","message":"API Inputs"}
{"level":"info","message":"API Path","path":"/api/category/all"}
{"body":{"orderId":4,"productId":2,"userId":1},"level":"info","message":"API Inputs"}
{"level":"info","message":"API Path","path":"/category/all"}
{"body":{"orderId":4,"productId":2,"userId":1},"level":"info","message":"API Inputs"}
{"level":"info","message":"API Path","path":"/api/v1/category/all"}
{"body":{"orderId":4,"productId":2,"userId":1},"level":"info","message":"API Inputs"}
{"level":"info","message":"API Path","path":"/v1/category/all"}
{"body":{"password":"b4mvrocks","username":"bswbrh3@gmail.com"},"level":"info","message":"API Inputs"}
{"level":"info","message":"API Path","path":"/api/v1/user/login"}
{"body":{"password":"b4mvrocks","username":"bswbrh3@gmail.com"},"level":"info","message":"API Inputs"}
{"level":"info","message":"API Path","path":"/v1/user/login"}
{"body":{"password":"b4mvrocks","username":"bswbrh3@gmail.com"},"level":"info","message":"API Inputs"}
{"level":"info","message":"API Path","path":"/api/v1/user/login"}
{"body":{"password":"b4mvrocks","username":"bswbrh3@gmail.com"},"level":"info","message":"API Inputs"}
{"level":"info","message":"API Path","path":"/v1/user/login"}
